\BOOKMARK [1][-]{section*.1}{\376\377\151\202\211\201}{}% 1
\BOOKMARK [1][-]{section*.2}{\376\377\122\325\117\134\164\260\130\203}{}% 2
\BOOKMARK [1][-]{section*.3}{\376\377\225\213\166\172\164\260\130\203}{}% 3
\BOOKMARK [2][-]{section*.4}{\376\377\000F\000l\000u\000t\000t\000e\000r}{section*.3}% 4
\BOOKMARK [2][-]{section*.5}{\376\377\000F\000a\000s\000t\000A\000P\000I}{section*.3}% 5
\BOOKMARK [1][-]{section*.6}{\376\377\060\263\060\374\060\307\060\243\060\363\060\260\211\217\175\004}{}% 6
\BOOKMARK [2][-]{section*.7}{\376\377\060\261\060\374\060\271\377\010\210\150\212\030\137\142\137\017\377\011}{section*.6}% 7
\BOOKMARK [2][-]{section*.8}{\376\377\000D\000a\000r\000t\000\040\060\156\124\175\124\015\211\217\175\004}{section*.6}% 8
\BOOKMARK [2][-]{section*.9}{\376\377\060\263\060\374\060\307\060\243\060\363\060\260\060\271\060\277\060\244\060\353}{section*.6}% 9
\BOOKMARK [3][-]{section*.10}{\376\377\127\372\147\054\060\271\060\277\060\244\060\353}{section*.9}% 10
\BOOKMARK [3][-]{section*.11}{\376\377\000W\000i\000d\000g\000e\000t\377\010\000F\000l\000u\000t\000t\000e\000r\377\011\212\030\217\360\060\353\060\374\060\353}{section*.9}% 11
\BOOKMARK [3][-]{section*.12}{\376\377\122\066\137\241\151\313\145\207}{section*.9}% 12
\BOOKMARK [3][-]{section*.13}{\376\377\060\263\060\341\060\363\060\310}{section*.9}% 13
\BOOKMARK [3][-]{section*.14}{\376\377\000i\000m\000p\000o\000r\000t\000\040\000/\000\040\000e\000x\000p\000o\000r\000t\000\040\211\217\175\004}{section*.9}% 14
\BOOKMARK [3][-]{section*.15}{\376\377\146\370\137\017}{section*.9}% 15
\BOOKMARK [2][-]{section*.16}{\376\377\060\304\060\374\060\353\212\055\133\232}{section*.6}% 16
\BOOKMARK [1][-]{section*.17}{\376\377\060\342\060\270\060\345\060\374\060\353\212\055\212\010}{}% 17
\BOOKMARK [2][-]{section*.18}{\376\377\000o\000v\000e\000r\000l\000a\000y}{section*.17}% 18
\BOOKMARK [3][-]{section*.19}{\376\377\121\161\220\032\152\137\200\375}{section*.18}% 19
\BOOKMARK [3][-]{section*.20}{\376\377\221\115\220\124\120\164}{section*.18}% 20
\BOOKMARK [2][-]{section*.21}{\376\377\000p\000r\000o\000v\000i\000d\000e\000r}{section*.17}% 21
\BOOKMARK [2][-]{section*.22}{\376\377\000p\000a\000g\000e}{section*.17}% 22
\BOOKMARK [3][-]{section*.23}{\376\377\121\161\220\032\152\137\200\375}{section*.22}% 23
\BOOKMARK [3][-]{section*.24}{\376\377\117\235\230\074\120\164}{section*.22}% 24
\BOOKMARK [3][-]{section*.25}{\376\377\136\227\202\027\120\164}{section*.22}% 25
\BOOKMARK [3][-]{section*.26}{\376\377\221\115\220\124\120\164}{section*.22}% 26
\BOOKMARK [2][-]{section*.27}{\376\377\000c\000o\000m\000p\000o\000n\000e\000n\000t}{section*.17}% 27
\BOOKMARK [1][-]{section*.28}{\376\377\000A\000P\000I\212\055\212\010}{}% 28
\BOOKMARK [2][-]{section*.29}{\376\377\212\215\212\074\000\040\000\050\000A\000u\000t\000h\000\051}{section*.28}% 29
\BOOKMARK [2][-]{section*.30}{\376\377\125\106\124\301\000\040\000\050\000P\000r\000o\000d\000u\000c\000t\000s\000\051}{section*.28}% 30
\BOOKMARK [2][-]{section*.31}{\376\377\154\350\145\207\000\040\000\050\000O\000r\000d\000e\000r\000s\000\051}{section*.28}% 31
\BOOKMARK [2][-]{section*.32}{\376\377\221\115\220\124\000\040\000\050\000D\000e\000l\000i\000v\000e\000r\000y\000\051}{section*.28}% 32
\BOOKMARK [1][-]{section*.33}{\376\377\060\307\060\374\060\277\060\331\060\374\060\271\212\055\212\010}{}% 33
\BOOKMARK [2][-]{section*.34}{\376\377\060\306\060\374\060\326\060\353\116\000\211\247}{section*.33}% 34
\BOOKMARK [2][-]{section*.35}{\376\377\116\073\211\201\060\306\060\374\060\326\060\353\212\163\175\060}{section*.33}% 35
