\BOOKMARK [1][-]{section*.1}{\376\377\163\376\162\266\060\156\212\262\230\114}{}% 1
\BOOKMARK [2][-]{section*.2}{\376\377\231\231\177\216\136\002\060\156\232\330\237\142\200\005\060\156\122\162\124\010}{section*.1}% 2
\BOOKMARK [2][-]{section*.3}{\376\377\165\037\155\073\165\050\124\301\060\222\170\272\117\335\060\131\060\213\142\113\153\265}{section*.1}% 3
\BOOKMARK [2][-]{section*.4}{\376\377\171\373\122\325\142\113\153\265\060\156\170\272\117\335}{section*.1}% 4
\BOOKMARK [2][-]{section*.5}{\376\377\133\146\165\037\060\156\060\320\060\244\060\310\121\110\060\156\116\015\215\263}{section*.1}% 5
\BOOKMARK [1][-]{section*.6}{\376\377\212\262\230\114\211\343\154\172\060\156\060\137\060\201\060\156\212\262\230\114}{}% 6
\BOOKMARK [2][-]{section*.7}{\376\377\211\343\154\172\060\125\060\214\060\213\060\150\200\003\060\110\060\211\060\214\060\213\116\213\214\141\000-\000\040\171\373\122\325\142\113\153\265\060\156\170\272\117\335\125\117\230\114}{section*.6}% 7
\BOOKMARK [2][-]{section*.8}{\376\377\211\343\154\172\060\125\060\214\060\213\060\150\200\003\060\110\060\211\060\214\060\213\116\213\214\141\000-\000\040\231\231\177\216\136\002\060\156\060\242\060\353\060\320\060\244\060\310\121\110\060\156\147\257\156\007\125\117\230\114}{section*.6}% 8
\BOOKMARK [1][-]{section*.9}{\376\377\152\137\200\375\151\202\211\201\060\373\122\115\143\320\147\141\116\366\060\373\122\066\175\004\116\213\230\005}{}% 9
\BOOKMARK [2][-]{section*.10}{\376\377\152\137\200\375\151\202\211\201}{section*.9}% 10
\BOOKMARK [3][-]{section*.11}{\376\377\221\115\220\124\120\164}{section*.10}% 11
\BOOKMARK [3][-]{section*.12}{\376\377\117\235\230\074\120\164}{section*.10}% 12
\BOOKMARK [3][-]{section*.13}{\376\377\136\227\202\027\120\164}{section*.10}% 13
\BOOKMARK [3][-]{section*.14}{\376\377\173\241\164\006\200\005\120\164}{section*.10}% 14
\BOOKMARK [2][-]{section*.15}{\376\377\122\115\143\320\147\141\116\366}{section*.9}% 15
\BOOKMARK [2][-]{section*.16}{\376\377\122\066\175\004\116\213\230\005}{section*.9}% 16
\BOOKMARK [1][-]{section*.17}{\376\377\140\305\130\061\060\373\221\321\222\255\060\156\155\101\060\214}{}% 17
\BOOKMARK [2][-]{section*.18}{\376\377\140\305\130\061\060\156\155\101\060\214}{section*.17}% 18
\BOOKMARK [2][-]{section*.19}{\376\377\221\321\222\255\060\156\155\101\060\214}{section*.17}% 19
\BOOKMARK [1][-]{section*.20}{\376\377\140\363\133\232\060\131\060\213\122\051\165\050\200\005}{}% 20
\BOOKMARK [1][-]{section*.21}{\376\377\060\317\060\374\060\311\060\246\060\247\060\242\151\313\142\020\060\373\060\275\060\325\060\310\060\246\060\247\060\242\151\313\142\020}{}% 21
\BOOKMARK [2][-]{section*.22}{\376\377\060\317\060\374\060\311\060\246\060\247\060\242\151\313\142\020}{section*.21}% 22
\BOOKMARK [2][-]{section*.23}{\376\377\060\275\060\325\060\310\060\246\060\247\060\242\151\313\142\020}{section*.21}% 23
\BOOKMARK [1][-]{section*.24}{\376\377\220\113\165\050\060\373\117\335\133\210}{}% 24
\BOOKMARK [2][-]{section*.25}{\376\377\220\113\165\050}{section*.24}% 25
\BOOKMARK [2][-]{section*.26}{\376\377\117\335\133\210}{section*.24}% 26
\BOOKMARK [1][-]{section*.27}{\376\377\214\273\165\050\133\376\122\271\147\234}{}% 27
\BOOKMARK [2][-]{section*.28}{\376\377\122\271\147\234}{section*.27}% 28
\BOOKMARK [2][-]{section*.29}{\376\377\123\316\166\312}{section*.27}% 29
\BOOKMARK [2][-]{section*.30}{\376\377\214\273\165\050}{section*.27}% 30
\BOOKMARK [2][-]{section*.31}{\376\377\122\051\166\312}{section*.27}% 31
\BOOKMARK [1][-]{section*.32}{\376\377\225\213\166\172\117\123\122\066\060\150\135\345\172\013\212\010\165\073}{}% 32
\BOOKMARK [1][-]{section*.33}{\376\377\060\267\060\271\060\306\060\340\060\242\060\324\060\374\060\353\060\335\060\244\060\363\060\310}{}% 33
