\BOOKMARK [1][-]{section*.1}{\376\377\060\157\060\130\060\201\060\153}{}% 1
\BOOKMARK [1][-]{section*.2}{\376\377\060\267\060\271\060\306\060\340\151\202\211\201}{}% 2
\BOOKMARK [1][-]{section*.3}{\376\377\152\137\200\375\212\055\212\010}{}% 3
\BOOKMARK [2][-]{section*.4}{\376\377\152\137\200\375\151\202\211\201\126\363}{section*.3}% 4
\BOOKMARK [3][-]{section*.5}{\376\377\060\355\060\260\060\244\060\363\225\242\220\043\152\137\200\375}{section*.4}% 5
\BOOKMARK [2][-]{section*.6}{\376\377\121\161\220\032\152\137\200\375}{section*.3}% 6
\BOOKMARK [3][-]{section*.7}{\376\377\145\260\211\217\117\032\124\341\166\173\223\062\152\137\200\375}{section*.6}% 7
\BOOKMARK [3][-]{section*.8}{\376\377\060\355\060\260\060\244\060\363}{section*.6}% 8
\BOOKMARK [3][-]{section*.9}{\376\377\060\355\060\260\060\242\060\246\060\310}{section*.6}% 9
\BOOKMARK [3][-]{section*.10}{\376\377\220\000\117\032}{section*.6}% 10
\BOOKMARK [3][-]{section*.11}{\376\377\060\321\060\271\060\357\060\374\060\311\121\215\166\172\210\114}{section*.6}% 11
\BOOKMARK [3][-]{section*.12}{\376\377\117\032\124\341\140\305\130\061\170\272\212\215\060\373\131\011\146\364}{section*.6}% 12
\BOOKMARK [3][-]{section*.13}{\376\377\117\032\124\341\140\305\130\061\170\272\212\215\060\373\131\011\146\364}{section*.6}% 13
\BOOKMARK [2][-]{section*.14}{\376\377\117\235\230\074\120\164}{section*.3}% 14
\BOOKMARK [2][-]{section*.15}{\376\377\221\115\220\124\120\164}{section*.3}% 15
\BOOKMARK [2][-]{section*.16}{\376\377\136\227\202\027\120\164}{section*.3}% 16
\BOOKMARK [2][-]{section*.17}{\376\377\173\241\164\006\120\164}{section*.3}% 17
\BOOKMARK [1][-]{section*.18}{\376\377\000U\000I\212\055\212\010}{}% 18
\BOOKMARK [2][-]{section*.19}{\376\377\117\235\230\074\120\164}{section*.18}% 19
\BOOKMARK [2][-]{section*.20}{\376\377\221\115\220\124\120\164}{section*.18}% 20
\BOOKMARK [2][-]{section*.21}{\376\377\136\227\202\027\120\164}{section*.18}% 21
\BOOKMARK [2][-]{section*.22}{\376\377\173\241\164\006\200\005\120\164}{section*.18}% 22
\BOOKMARK [1][-]{section*.23}{\376\377\220\113\165\050\117\335\133\210\212\055\212\010}{}% 23
\BOOKMARK [2][-]{section*.24}{\376\377\220\113\165\050}{section*.23}% 24
\BOOKMARK [2][-]{section*.25}{\376\377\117\335\133\210}{section*.23}% 25
\BOOKMARK [2][-]{section*.26}{\376\377\060\273\060\255\060\345\060\352\060\306\060\243\133\376\173\126}{section*.23}% 26
\BOOKMARK [3][-]{section*.27}{\376\377\060\346\060\374\060\266\060\374\212\215\212\074}{section*.26}% 27
\BOOKMARK [3][-]{section*.28}{\376\377\060\321\060\271\060\357\060\374\060\311\060\156\060\317\060\303\060\267\060\345\123\026}{section*.26}% 28
\BOOKMARK [3][-]{section*.29}{\376\377\000S\000Q\000L\060\244\060\363\060\270\060\247\060\257\060\267\060\347\060\363\133\376\173\126}{section*.26}% 29
\BOOKMARK [3][-]{section*.30}{\376\377\000S\000S\000L\220\032\117\341}{section*.26}% 30
\BOOKMARK [2][-]{section*.31}{\376\377\226\234\133\263\133\376\173\126}{section*.23}% 31
\BOOKMARK [3][-]{section*.32}{\376\377\060\317\060\374\060\311\060\246\060\247\060\242\226\234\133\263}{section*.31}% 32
\BOOKMARK [3][-]{section*.33}{\376\377\060\275\060\325\060\310\060\246\060\247\060\242\226\234\133\263}{section*.31}% 33
\BOOKMARK [3][-]{section*.34}{\376\377\060\242\060\327\060\352\060\261\060\374\060\267\060\347\060\363\225\213\166\172\123\312\060\163\060\306\060\271\060\310\060\156\226\234\133\263\133\376\173\126}{section*.31}% 34
\BOOKMARK [1][-]{section*.35}{\376\377\060\307\060\374\060\277\060\331\060\374\060\271\212\055\212\010}{}% 35
\BOOKMARK [1][-]{section*.36}{\376\377\060\315\060\303\060\310\060\357\060\374\060\257\212\055\212\010}{}% 36
